2015-10-05 18:01:46,482 [main] INFO  c.g.t.t.d.PublishedGradleVersions - Gradle version information cache file is not out-of-date. No remote download required.
2015-10-07 16:07:56,590 [Worker-21] INFO  c.g.t.t.d.PublishedGradleVersions - Gradle version information cache file is out-of-date. Remote download required.
2015-10-09 17:30:45,200 [Worker-4] INFO  c.g.t.t.d.PublishedGradleVersions - Gradle version information cache file is out-of-date. Remote download required.
2015-10-12 10:44:43,123 [main] INFO  c.g.t.t.d.PublishedGradleVersions - Gradle version information cache file is out-of-date. Remote download required.
2015-10-14 17:28:41,124 [main] INFO  c.g.t.t.d.PublishedGradleVersions - Gradle version information cache file is out-of-date. Remote download required.
2015-10-15 16:49:53,402 [Worker-14] INFO  c.g.t.t.d.PublishedGradleVersions - Gradle version information cache file is not out-of-date. No remote download required.
2015-10-20 10:29:07,924 [Worker-4] INFO  c.g.t.t.d.PublishedGradleVersions - Gradle version information cache file is out-of-date. Remote download required.
2015-10-20 10:29:08,341 [Worker-4] ERROR c.g.t.t.d.PublishedGradleVersions - Cannot download published Gradle versions.
java.net.UnknownHostException: services.gradle.org
	at java.net.AbstractPlainSocketImpl.connect(AbstractPlainSocketImpl.java:184) ~[na:1.8.0_40]
	at java.net.SocksSocketImpl.connect(SocksSocketImpl.java:392) ~[na:1.8.0_40]
	at java.net.Socket.connect(Socket.java:589) ~[na:1.8.0_40]
	at sun.security.ssl.SSLSocketImpl.connect(SSLSocketImpl.java:656) ~[na:1.8.0_40]
	at sun.security.ssl.BaseSSLSocketImpl.connect(BaseSSLSocketImpl.java:173) ~[na:1.8.0_40]
	at sun.net.NetworkClient.doConnect(NetworkClient.java:180) ~[na:1.8.0_40]
	at sun.net.www.http.HttpClient.openServer(HttpClient.java:432) ~[na:1.8.0_40]
	at sun.net.www.http.HttpClient.openServer(HttpClient.java:527) ~[na:1.8.0_40]
	at sun.net.www.protocol.https.HttpsClient.<init>(HttpsClient.java:275) ~[na:1.8.0_40]
	at sun.net.www.protocol.https.HttpsClient.New(HttpsClient.java:371) ~[na:1.8.0_40]
	at sun.net.www.protocol.https.AbstractDelegateHttpsURLConnection.getNewHttpClient(AbstractDelegateHttpsURLConnection.java:191) ~[na:1.8.0_40]
	at sun.net.www.protocol.http.HttpURLConnection.plainConnect0(HttpURLConnection.java:1104) ~[na:1.8.0_40]
	at sun.net.www.protocol.http.HttpURLConnection.plainConnect(HttpURLConnection.java:998) ~[na:1.8.0_40]
	at sun.net.www.protocol.https.AbstractDelegateHttpsURLConnection.connect(AbstractDelegateHttpsURLConnection.java:177) ~[na:1.8.0_40]
	at sun.net.www.protocol.http.HttpURLConnection.getInputStream0(HttpURLConnection.java:1512) ~[na:1.8.0_40]
	at sun.net.www.protocol.http.HttpURLConnection.getInputStream(HttpURLConnection.java:1440) ~[na:1.8.0_40]
	at sun.net.www.protocol.https.HttpsURLConnectionImpl.getInputStream(HttpsURLConnectionImpl.java:254) ~[na:1.8.0_40]
	at com.gradleware.tooling.toolingutils.distribution.PublishedGradleVersions.downloadVersionInformation(PublishedGradleVersions.java:167) [com.gradleware.tooling.utils_0.6.1.v201509101146.jar:na]
	at com.gradleware.tooling.toolingutils.distribution.PublishedGradleVersions.create(PublishedGradleVersions.java:134) [com.gradleware.tooling.utils_0.6.1.v201509101146.jar:na]
	at org.eclipse.buildship.core.util.gradle.PublishedGradleVersionsWrapper.create(PublishedGradleVersionsWrapper.java:40) [org.eclipse.buildship.core_1.0.5.v20150922-2202.jar:na]
	at org.eclipse.buildship.core.util.gradle.PublishedGradleVersionsWrapper.<init>(PublishedGradleVersionsWrapper.java:35) [org.eclipse.buildship.core_1.0.5.v20150922-2202.jar:na]
	at org.eclipse.buildship.core.CorePlugin.createPublishedGradleVersions(CorePlugin.java:166) [org.eclipse.buildship.core_1.0.5.v20150922-2202.jar:na]
	at org.eclipse.buildship.core.CorePlugin.registerServices(CorePlugin.java:139) [org.eclipse.buildship.core_1.0.5.v20150922-2202.jar:na]
	at org.eclipse.buildship.core.CorePlugin.start(CorePlugin.java:102) [org.eclipse.buildship.core_1.0.5.v20150922-2202.jar:na]
	at org.eclipse.osgi.internal.framework.BundleContextImpl$3.run(BundleContextImpl.java:771) [org.eclipse.osgi_3.10.100.v20150529-1857.jar:na]
	at org.eclipse.osgi.internal.framework.BundleContextImpl$3.run(BundleContextImpl.java:1) [org.eclipse.osgi_3.10.100.v20150529-1857.jar:na]
	at java.security.AccessController.doPrivileged(Native Method) [na:1.8.0_40]
	at org.eclipse.osgi.internal.framework.BundleContextImpl.startActivator(BundleContextImpl.java:764) [org.eclipse.osgi_3.10.100.v20150529-1857.jar:na]
	at org.eclipse.osgi.internal.framework.BundleContextImpl.start(BundleContextImpl.java:721) [org.eclipse.osgi_3.10.100.v20150529-1857.jar:na]
	at org.eclipse.osgi.internal.framework.EquinoxBundle.startWorker0(EquinoxBundle.java:941) [org.eclipse.osgi_3.10.100.v20150529-1857.jar:na]
	at org.eclipse.osgi.internal.framework.EquinoxBundle$EquinoxModule.startWorker(EquinoxBundle.java:318) [org.eclipse.osgi_3.10.100.v20150529-1857.jar:na]
	at org.eclipse.osgi.container.Module.doStart(Module.java:571) [org.eclipse.osgi_3.10.100.v20150529-1857.jar:na]
	at org.eclipse.osgi.container.Module.start(Module.java:439) [org.eclipse.osgi_3.10.100.v20150529-1857.jar:na]
	at org.eclipse.osgi.framework.util.SecureAction.start(SecureAction.java:454) [org.eclipse.osgi_3.10.100.v20150529-1857.jar:na]
	at org.eclipse.osgi.internal.hooks.EclipseLazyStarter.postFindLocalClass(EclipseLazyStarter.java:107) [org.eclipse.osgi_3.10.100.v20150529-1857.jar:na]
	at org.eclipse.osgi.internal.loader.classpath.ClasspathManager.findLocalClass(ClasspathManager.java:531) [org.eclipse.osgi_3.10.100.v20150529-1857.jar:na]
	at org.eclipse.osgi.internal.loader.ModuleClassLoader.findLocalClass(ModuleClassLoader.java:324) [org.eclipse.osgi_3.10.100.v20150529-1857.jar:na]
	at org.eclipse.osgi.internal.loader.BundleLoader.findLocalClass(BundleLoader.java:327) [org.eclipse.osgi_3.10.100.v20150529-1857.jar:na]
	at org.eclipse.osgi.internal.loader.BundleLoader.findClassInternal(BundleLoader.java:402) [org.eclipse.osgi_3.10.100.v20150529-1857.jar:na]
	at org.eclipse.osgi.internal.loader.BundleLoader.findClass(BundleLoader.java:352) [org.eclipse.osgi_3.10.100.v20150529-1857.jar:na]
	at org.eclipse.osgi.internal.loader.BundleLoader.findClass(BundleLoader.java:344) [org.eclipse.osgi_3.10.100.v20150529-1857.jar:na]
	at org.eclipse.osgi.internal.loader.ModuleClassLoader.loadClass(ModuleClassLoader.java:160) [org.eclipse.osgi_3.10.100.v20150529-1857.jar:na]
	at java.lang.ClassLoader.loadClass(ClassLoader.java:357) [na:1.8.0_40]
	at org.eclipse.osgi.internal.framework.EquinoxBundle.loadClass(EquinoxBundle.java:573) [org.eclipse.osgi_3.10.100.v20150529-1857.jar:na]
	at org.eclipse.core.internal.registry.osgi.RegistryStrategyOSGI.createExecutableExtension(RegistryStrategyOSGI.java:174) [org.eclipse.equinox.registry_3.6.0.v20150318-1503.jar:na]
	at org.eclipse.core.internal.registry.ExtensionRegistry.createExecutableExtension(ExtensionRegistry.java:905) [org.eclipse.equinox.registry_3.6.0.v20150318-1503.jar:na]
	at org.eclipse.core.internal.registry.ConfigurationElement.createExecutableExtension(ConfigurationElement.java:243) [org.eclipse.equinox.registry_3.6.0.v20150318-1503.jar:na]
	at org.eclipse.core.internal.registry.ConfigurationElementHandle.createExecutableExtension(ConfigurationElementHandle.java:55) [org.eclipse.equinox.registry_3.6.0.v20150318-1503.jar:na]
	at org.eclipse.core.internal.events.BuildManager.instantiateBuilder(BuildManager.java:901) [org.eclipse.core.resources_3.10.0.v20150423-0755.jar:na]
	at org.eclipse.core.internal.events.BuildManager.initializeBuilder(BuildManager.java:854) [org.eclipse.core.resources_3.10.0.v20150423-0755.jar:na]
	at org.eclipse.core.internal.events.BuildManager.getBuilder(BuildManager.java:546) [org.eclipse.core.resources_3.10.0.v20150423-0755.jar:na]
	at org.eclipse.core.internal.events.BuildManager.getBuilder(BuildManager.java:575) [org.eclipse.core.resources_3.10.0.v20150423-0755.jar:na]
	at org.eclipse.core.internal.events.BuildManager.basicBuild(BuildManager.java:243) [org.eclipse.core.resources_3.10.0.v20150423-0755.jar:na]
	at org.eclipse.core.internal.events.BuildManager$1.run(BuildManager.java:300) [org.eclipse.core.resources_3.10.0.v20150423-0755.jar:na]
	at org.eclipse.core.runtime.SafeRunner.run(SafeRunner.java:42) [org.eclipse.equinox.common_3.7.0.v20150402-1709.jar:na]
	at org.eclipse.core.internal.events.BuildManager.basicBuild(BuildManager.java:303) [org.eclipse.core.resources_3.10.0.v20150423-0755.jar:na]
	at org.eclipse.core.internal.events.BuildManager.basicBuildLoop(BuildManager.java:359) [org.eclipse.core.resources_3.10.0.v20150423-0755.jar:na]
	at org.eclipse.core.internal.events.BuildManager.build(BuildManager.java:382) [org.eclipse.core.resources_3.10.0.v20150423-0755.jar:na]
	at org.eclipse.core.internal.events.AutoBuildJob.doBuild(AutoBuildJob.java:144) [org.eclipse.core.resources_3.10.0.v20150423-0755.jar:na]
	at org.eclipse.core.internal.events.AutoBuildJob.run(AutoBuildJob.java:235) [org.eclipse.core.resources_3.10.0.v20150423-0755.jar:na]
	at org.eclipse.core.internal.jobs.Worker.run(Worker.java:55) [org.eclipse.core.jobs_3.7.0.v20150330-2103.jar:na]
